<!DOCTYPE html>
<html>
<head>
<meta http-equiv="Content-Type" content="text/html; charset=utf-8"/>
<meta http-equiv="x-ua-compatible" content="IE=edge"/>
<title>Test results - Class cc.aoeiuv020.panovel.api.site.ShoudashuTest</title>
<link href="../css/base-style.css" rel="stylesheet" type="text/css"/>
<link href="../css/style.css" rel="stylesheet" type="text/css"/>
<script src="../js/report.js" type="text/javascript"></script>
</head>
<body>
<div id="content">
<h1>Class cc.aoeiuv020.panovel.api.site.ShoudashuTest</h1>
<div class="breadcrumbs">
<a href="../index.html">all</a> &gt; 
<a href="../packages/cc.aoeiuv020.panovel.api.site.html">cc.aoeiuv020.panovel.api.site</a> &gt; ShoudashuTest</div>
<div id="summary">
<table>
<tr>
<td>
<div class="summaryGroup">
<table>
<tr>
<td>
<div class="infoBox" id="tests">
<div class="counter">4</div>
<p>tests</p>
</div>
</td>
<td>
<div class="infoBox" id="failures">
<div class="counter">4</div>
<p>failures</p>
</div>
</td>
<td>
<div class="infoBox" id="ignored">
<div class="counter">0</div>
<p>ignored</p>
</div>
</td>
<td>
<div class="infoBox" id="duration">
<div class="counter">0.665s</div>
<p>duration</p>
</div>
</td>
</tr>
</table>
</div>
</td>
<td>
<div class="infoBox failures" id="successRate">
<div class="percent">0%</div>
<p>successful</p>
</div>
</td>
</tr>
</table>
</div>
<div id="tabs">
<ul class="tabLinks">
<li>
<a href="#tab0">Failed tests</a>
</li>
<li>
<a href="#tab1">Tests</a>
</li>
<li>
<a href="#tab2">Standard output</a>
</li>
<li>
<a href="#tab3">Standard error</a>
</li>
</ul>
<div id="tab0" class="tab">
<h2>Failed tests</h2>
<div class="test">
<a name="chapters"></a>
<h3 class="failures">chapters</h3>
<span class="code">
<pre>java.lang.IllegalStateException: 解析[章节链接](div.chapterlist &gt; ul &gt; li &gt; a)失败，
	at cc.aoeiuv020.panovel.api.base.JsoupNovelContext.requireElements(JsoupNovelContext.kt:114)
	at cc.aoeiuv020.panovel.api.base.DslJsoupNovelContext$_NovelChapterListParser.items(DslJsoupNovelContext.kt:520)
	at cc.aoeiuv020.panovel.api.base.DslJsoupNovelContext$_NovelChapterListParser.items$default(DslJsoupNovelContext.kt:503)
	at cc.aoeiuv020.panovel.api.site.Shoudashu$5$1.invoke(shoudashu.kt:63)
	at cc.aoeiuv020.panovel.api.site.Shoudashu$5$1.invoke(shoudashu.kt:10)
	at cc.aoeiuv020.panovel.api.base.DslJsoupNovelContext$_Chapters.document(DslJsoupNovelContext.kt:477)
	at cc.aoeiuv020.panovel.api.base.DslJsoupNovelContext$_Chapters.document$default(DslJsoupNovelContext.kt:473)
	at cc.aoeiuv020.panovel.api.site.Shoudashu$5.invoke(shoudashu.kt:62)
	at cc.aoeiuv020.panovel.api.site.Shoudashu$5.invoke(shoudashu.kt:10)
	at cc.aoeiuv020.panovel.api.base.DslJsoupNovelContext.getNovelChaptersAsc(DslJsoupNovelContext.kt:464)
	at cc.aoeiuv020.panovel.api.site.BaseNovelContextText.chapters(base.kt:102)
	at cc.aoeiuv020.panovel.api.site.BaseNovelContextText.chapters$default(base.kt:100)
	at cc.aoeiuv020.panovel.api.site.ShoudashuTest.chapters(ShoudashuTest.kt:27)
	at java.base/jdk.internal.reflect.NativeMethodAccessorImpl.invoke0(Native Method)
	at java.base/jdk.internal.reflect.NativeMethodAccessorImpl.invoke(NativeMethodAccessorImpl.java:62)
	at java.base/jdk.internal.reflect.DelegatingMethodAccessorImpl.invoke(DelegatingMethodAccessorImpl.java:43)
	at java.base/java.lang.reflect.Method.invoke(Method.java:566)
	at org.junit.runners.model.FrameworkMethod$1.runReflectiveCall(FrameworkMethod.java:50)
	at org.junit.internal.runners.model.ReflectiveCallable.run(ReflectiveCallable.java:12)
	at org.junit.runners.model.FrameworkMethod.invokeExplosively(FrameworkMethod.java:47)
	at org.junit.internal.runners.statements.InvokeMethod.evaluate(InvokeMethod.java:17)
	at org.junit.runners.ParentRunner.runLeaf(ParentRunner.java:325)
	at org.junit.runners.BlockJUnit4ClassRunner.runChild(BlockJUnit4ClassRunner.java:78)
	at org.junit.runners.BlockJUnit4ClassRunner.runChild(BlockJUnit4ClassRunner.java:57)
	at org.junit.runners.ParentRunner$3.run(ParentRunner.java:290)
	at org.junit.runners.ParentRunner$1.schedule(ParentRunner.java:71)
	at org.junit.runners.ParentRunner.runChildren(ParentRunner.java:288)
	at org.junit.runners.ParentRunner.access$000(ParentRunner.java:58)
	at org.junit.runners.ParentRunner$2.evaluate(ParentRunner.java:268)
	at org.junit.runners.ParentRunner.run(ParentRunner.java:363)
	at org.gradle.api.internal.tasks.testing.junit.JUnitTestClassExecutor.runTestClass(JUnitTestClassExecutor.java:110)
	at org.gradle.api.internal.tasks.testing.junit.JUnitTestClassExecutor.execute(JUnitTestClassExecutor.java:58)
	at org.gradle.api.internal.tasks.testing.junit.JUnitTestClassExecutor.execute(JUnitTestClassExecutor.java:38)
	at org.gradle.api.internal.tasks.testing.junit.AbstractJUnitTestClassProcessor.processTestClass(AbstractJUnitTestClassProcessor.java:62)
	at org.gradle.api.internal.tasks.testing.SuiteTestClassProcessor.processTestClass(SuiteTestClassProcessor.java:51)
	at jdk.internal.reflect.GeneratedMethodAccessor6.invoke(Unknown Source)
	at java.base/jdk.internal.reflect.DelegatingMethodAccessorImpl.invoke(DelegatingMethodAccessorImpl.java:43)
	at java.base/java.lang.reflect.Method.invoke(Method.java:566)
	at org.gradle.internal.dispatch.ReflectionDispatch.dispatch(ReflectionDispatch.java:36)
	at org.gradle.internal.dispatch.ReflectionDispatch.dispatch(ReflectionDispatch.java:24)
	at org.gradle.internal.dispatch.ContextClassLoaderDispatch.dispatch(ContextClassLoaderDispatch.java:33)
	at org.gradle.internal.dispatch.ProxyDispatchAdapter$DispatchingInvocationHandler.invoke(ProxyDispatchAdapter.java:94)
	at com.sun.proxy.$Proxy2.processTestClass(Unknown Source)
	at org.gradle.api.internal.tasks.testing.worker.TestWorker.processTestClass(TestWorker.java:118)
	at jdk.internal.reflect.GeneratedMethodAccessor5.invoke(Unknown Source)
	at java.base/jdk.internal.reflect.DelegatingMethodAccessorImpl.invoke(DelegatingMethodAccessorImpl.java:43)
	at java.base/java.lang.reflect.Method.invoke(Method.java:566)
	at org.gradle.internal.dispatch.ReflectionDispatch.dispatch(ReflectionDispatch.java:36)
	at org.gradle.internal.dispatch.ReflectionDispatch.dispatch(ReflectionDispatch.java:24)
	at org.gradle.internal.remote.internal.hub.MessageHubBackedObjectConnection$DispatchWrapper.dispatch(MessageHubBackedObjectConnection.java:182)
	at org.gradle.internal.remote.internal.hub.MessageHubBackedObjectConnection$DispatchWrapper.dispatch(MessageHubBackedObjectConnection.java:164)
	at org.gradle.internal.remote.internal.hub.MessageHub$Handler.run(MessageHub.java:412)
	at org.gradle.internal.concurrent.ExecutorPolicy$CatchAndRecordFailures.onExecute(ExecutorPolicy.java:64)
	at org.gradle.internal.concurrent.ManagedExecutorImpl$1.run(ManagedExecutorImpl.java:48)
	at java.base/java.util.concurrent.ThreadPoolExecutor.runWorker(ThreadPoolExecutor.java:1128)
	at java.base/java.util.concurrent.ThreadPoolExecutor$Worker.run(ThreadPoolExecutor.java:628)
	at org.gradle.internal.concurrent.ThreadFactoryImpl$ManagedThreadRunnable.run(ThreadFactoryImpl.java:56)
	at java.base/java.lang.Thread.run(Thread.java:829)
Caused by: java.lang.IllegalStateException: 解析元素div.chapterlist &gt; ul &gt; li &gt; a结果为空，
	at cc.aoeiuv020.panovel.api.base.JsoupNovelContext.notEmpty(JsoupNovelContext.kt:137)
	at cc.aoeiuv020.panovel.api.base.JsoupNovelContext.requireElements(JsoupNovelContext.kt:112)
	... 57 more
</pre>
</span>
</div>
<div class="test">
<a name="content"></a>
<h3 class="failures">content</h3>
<span class="code">
<pre>java.lang.IllegalStateException: 解析[正文](#content)失败，
	at cc.aoeiuv020.panovel.api.base.JsoupNovelContext.requireElements(JsoupNovelContext.kt:114)
	at cc.aoeiuv020.panovel.api.base.DslJsoupNovelContext$_NovelContentParser.items(DslJsoupNovelContext.kt:634)
	at cc.aoeiuv020.panovel.api.base.DslJsoupNovelContext$_NovelContentParser.items$default(DslJsoupNovelContext.kt:633)
	at cc.aoeiuv020.panovel.api.site.Shoudashu$6$1.invoke(shoudashu.kt:71)
	at cc.aoeiuv020.panovel.api.site.Shoudashu$6$1.invoke(shoudashu.kt:10)
	at cc.aoeiuv020.panovel.api.base.DslJsoupNovelContext$_Content.document(DslJsoupNovelContext.kt:626)
	at cc.aoeiuv020.panovel.api.base.DslJsoupNovelContext$_Content.document$default(DslJsoupNovelContext.kt:622)
	at cc.aoeiuv020.panovel.api.site.Shoudashu$6.invoke(shoudashu.kt:70)
	at cc.aoeiuv020.panovel.api.site.Shoudashu$6.invoke(shoudashu.kt:10)
	at cc.aoeiuv020.panovel.api.base.DslJsoupNovelContext.getNovelContent(DslJsoupNovelContext.kt:610)
	at cc.aoeiuv020.panovel.api.site.BaseNovelContextText.content(base.kt:149)
	at cc.aoeiuv020.panovel.api.site.BaseNovelContextText.content(base.kt:133)
	at cc.aoeiuv020.panovel.api.site.BaseNovelContextText.content$default(base.kt:131)
	at cc.aoeiuv020.panovel.api.site.ShoudashuTest.content(ShoudashuTest.kt:36)
	at java.base/jdk.internal.reflect.NativeMethodAccessorImpl.invoke0(Native Method)
	at java.base/jdk.internal.reflect.NativeMethodAccessorImpl.invoke(NativeMethodAccessorImpl.java:62)
	at java.base/jdk.internal.reflect.DelegatingMethodAccessorImpl.invoke(DelegatingMethodAccessorImpl.java:43)
	at java.base/java.lang.reflect.Method.invoke(Method.java:566)
	at org.junit.runners.model.FrameworkMethod$1.runReflectiveCall(FrameworkMethod.java:50)
	at org.junit.internal.runners.model.ReflectiveCallable.run(ReflectiveCallable.java:12)
	at org.junit.runners.model.FrameworkMethod.invokeExplosively(FrameworkMethod.java:47)
	at org.junit.internal.runners.statements.InvokeMethod.evaluate(InvokeMethod.java:17)
	at org.junit.runners.ParentRunner.runLeaf(ParentRunner.java:325)
	at org.junit.runners.BlockJUnit4ClassRunner.runChild(BlockJUnit4ClassRunner.java:78)
	at org.junit.runners.BlockJUnit4ClassRunner.runChild(BlockJUnit4ClassRunner.java:57)
	at org.junit.runners.ParentRunner$3.run(ParentRunner.java:290)
	at org.junit.runners.ParentRunner$1.schedule(ParentRunner.java:71)
	at org.junit.runners.ParentRunner.runChildren(ParentRunner.java:288)
	at org.junit.runners.ParentRunner.access$000(ParentRunner.java:58)
	at org.junit.runners.ParentRunner$2.evaluate(ParentRunner.java:268)
	at org.junit.runners.ParentRunner.run(ParentRunner.java:363)
	at org.gradle.api.internal.tasks.testing.junit.JUnitTestClassExecutor.runTestClass(JUnitTestClassExecutor.java:110)
	at org.gradle.api.internal.tasks.testing.junit.JUnitTestClassExecutor.execute(JUnitTestClassExecutor.java:58)
	at org.gradle.api.internal.tasks.testing.junit.JUnitTestClassExecutor.execute(JUnitTestClassExecutor.java:38)
	at org.gradle.api.internal.tasks.testing.junit.AbstractJUnitTestClassProcessor.processTestClass(AbstractJUnitTestClassProcessor.java:62)
	at org.gradle.api.internal.tasks.testing.SuiteTestClassProcessor.processTestClass(SuiteTestClassProcessor.java:51)
	at jdk.internal.reflect.GeneratedMethodAccessor6.invoke(Unknown Source)
	at java.base/jdk.internal.reflect.DelegatingMethodAccessorImpl.invoke(DelegatingMethodAccessorImpl.java:43)
	at java.base/java.lang.reflect.Method.invoke(Method.java:566)
	at org.gradle.internal.dispatch.ReflectionDispatch.dispatch(ReflectionDispatch.java:36)
	at org.gradle.internal.dispatch.ReflectionDispatch.dispatch(ReflectionDispatch.java:24)
	at org.gradle.internal.dispatch.ContextClassLoaderDispatch.dispatch(ContextClassLoaderDispatch.java:33)
	at org.gradle.internal.dispatch.ProxyDispatchAdapter$DispatchingInvocationHandler.invoke(ProxyDispatchAdapter.java:94)
	at com.sun.proxy.$Proxy2.processTestClass(Unknown Source)
	at org.gradle.api.internal.tasks.testing.worker.TestWorker.processTestClass(TestWorker.java:118)
	at jdk.internal.reflect.GeneratedMethodAccessor5.invoke(Unknown Source)
	at java.base/jdk.internal.reflect.DelegatingMethodAccessorImpl.invoke(DelegatingMethodAccessorImpl.java:43)
	at java.base/java.lang.reflect.Method.invoke(Method.java:566)
	at org.gradle.internal.dispatch.ReflectionDispatch.dispatch(ReflectionDispatch.java:36)
	at org.gradle.internal.dispatch.ReflectionDispatch.dispatch(ReflectionDispatch.java:24)
	at org.gradle.internal.remote.internal.hub.MessageHubBackedObjectConnection$DispatchWrapper.dispatch(MessageHubBackedObjectConnection.java:182)
	at org.gradle.internal.remote.internal.hub.MessageHubBackedObjectConnection$DispatchWrapper.dispatch(MessageHubBackedObjectConnection.java:164)
	at org.gradle.internal.remote.internal.hub.MessageHub$Handler.run(MessageHub.java:412)
	at org.gradle.internal.concurrent.ExecutorPolicy$CatchAndRecordFailures.onExecute(ExecutorPolicy.java:64)
	at org.gradle.internal.concurrent.ManagedExecutorImpl$1.run(ManagedExecutorImpl.java:48)
	at java.base/java.util.concurrent.ThreadPoolExecutor.runWorker(ThreadPoolExecutor.java:1128)
	at java.base/java.util.concurrent.ThreadPoolExecutor$Worker.run(ThreadPoolExecutor.java:628)
	at org.gradle.internal.concurrent.ThreadFactoryImpl$ManagedThreadRunnable.run(ThreadFactoryImpl.java:56)
	at java.base/java.lang.Thread.run(Thread.java:829)
Caused by: java.lang.IllegalStateException: 解析元素#content结果为空，
	at cc.aoeiuv020.panovel.api.base.JsoupNovelContext.notEmpty(JsoupNovelContext.kt:137)
	at cc.aoeiuv020.panovel.api.base.JsoupNovelContext.requireElements(JsoupNovelContext.kt:112)
	... 58 more
</pre>
</span>
</div>
<div class="test">
<a name="detail"></a>
<h3 class="failures">detail</h3>
<span class="code">
<pre>java.lang.IllegalStateException: 解析[小说名](div.articleinfo h1)失败，
	at cc.aoeiuv020.panovel.api.base.DslJsoupNovelContext$_NovelItemParser.name(DslJsoupNovelContext.kt:888)
	at cc.aoeiuv020.panovel.api.base.DslJsoupNovelContext$_NovelItemParser.name$default(DslJsoupNovelContext.kt:654)
	at cc.aoeiuv020.panovel.api.site.Shoudashu$4$1$1.invoke(shoudashu.kt:54)
	at cc.aoeiuv020.panovel.api.site.Shoudashu$4$1$1.invoke(shoudashu.kt:10)
	at cc.aoeiuv020.panovel.api.base.DslJsoupNovelContext$_NovelDetailParser.novel(DslJsoupNovelContext.kt:380)
	at cc.aoeiuv020.panovel.api.site.Shoudashu$4$1.invoke(shoudashu.kt:53)
	at cc.aoeiuv020.panovel.api.site.Shoudashu$4$1.invoke(shoudashu.kt:10)
	at cc.aoeiuv020.panovel.api.base.DslJsoupNovelContext$_Detail.document(DslJsoupNovelContext.kt:354)
	at cc.aoeiuv020.panovel.api.base.DslJsoupNovelContext$_Detail.document$default(DslJsoupNovelContext.kt:350)
	at cc.aoeiuv020.panovel.api.site.Shoudashu$4.invoke(shoudashu.kt:52)
	at cc.aoeiuv020.panovel.api.site.Shoudashu$4.invoke(shoudashu.kt:10)
	at cc.aoeiuv020.panovel.api.base.DslJsoupNovelContext.getNovelDetail(DslJsoupNovelContext.kt:341)
	at cc.aoeiuv020.panovel.api.site.BaseNovelContextText.detail(base.kt:68)
	at cc.aoeiuv020.panovel.api.site.ShoudashuTest.detail(ShoudashuTest.kt:17)
	at java.base/jdk.internal.reflect.NativeMethodAccessorImpl.invoke0(Native Method)
	at java.base/jdk.internal.reflect.NativeMethodAccessorImpl.invoke(NativeMethodAccessorImpl.java:62)
	at java.base/jdk.internal.reflect.DelegatingMethodAccessorImpl.invoke(DelegatingMethodAccessorImpl.java:43)
	at java.base/java.lang.reflect.Method.invoke(Method.java:566)
	at org.junit.runners.model.FrameworkMethod$1.runReflectiveCall(FrameworkMethod.java:50)
	at org.junit.internal.runners.model.ReflectiveCallable.run(ReflectiveCallable.java:12)
	at org.junit.runners.model.FrameworkMethod.invokeExplosively(FrameworkMethod.java:47)
	at org.junit.internal.runners.statements.InvokeMethod.evaluate(InvokeMethod.java:17)
	at org.junit.runners.ParentRunner.runLeaf(ParentRunner.java:325)
	at org.junit.runners.BlockJUnit4ClassRunner.runChild(BlockJUnit4ClassRunner.java:78)
	at org.junit.runners.BlockJUnit4ClassRunner.runChild(BlockJUnit4ClassRunner.java:57)
	at org.junit.runners.ParentRunner$3.run(ParentRunner.java:290)
	at org.junit.runners.ParentRunner$1.schedule(ParentRunner.java:71)
	at org.junit.runners.ParentRunner.runChildren(ParentRunner.java:288)
	at org.junit.runners.ParentRunner.access$000(ParentRunner.java:58)
	at org.junit.runners.ParentRunner$2.evaluate(ParentRunner.java:268)
	at org.junit.runners.ParentRunner.run(ParentRunner.java:363)
	at org.gradle.api.internal.tasks.testing.junit.JUnitTestClassExecutor.runTestClass(JUnitTestClassExecutor.java:110)
	at org.gradle.api.internal.tasks.testing.junit.JUnitTestClassExecutor.execute(JUnitTestClassExecutor.java:58)
	at org.gradle.api.internal.tasks.testing.junit.JUnitTestClassExecutor.execute(JUnitTestClassExecutor.java:38)
	at org.gradle.api.internal.tasks.testing.junit.AbstractJUnitTestClassProcessor.processTestClass(AbstractJUnitTestClassProcessor.java:62)
	at org.gradle.api.internal.tasks.testing.SuiteTestClassProcessor.processTestClass(SuiteTestClassProcessor.java:51)
	at jdk.internal.reflect.GeneratedMethodAccessor6.invoke(Unknown Source)
	at java.base/jdk.internal.reflect.DelegatingMethodAccessorImpl.invoke(DelegatingMethodAccessorImpl.java:43)
	at java.base/java.lang.reflect.Method.invoke(Method.java:566)
	at org.gradle.internal.dispatch.ReflectionDispatch.dispatch(ReflectionDispatch.java:36)
	at org.gradle.internal.dispatch.ReflectionDispatch.dispatch(ReflectionDispatch.java:24)
	at org.gradle.internal.dispatch.ContextClassLoaderDispatch.dispatch(ContextClassLoaderDispatch.java:33)
	at org.gradle.internal.dispatch.ProxyDispatchAdapter$DispatchingInvocationHandler.invoke(ProxyDispatchAdapter.java:94)
	at com.sun.proxy.$Proxy2.processTestClass(Unknown Source)
	at org.gradle.api.internal.tasks.testing.worker.TestWorker.processTestClass(TestWorker.java:118)
	at jdk.internal.reflect.GeneratedMethodAccessor5.invoke(Unknown Source)
	at java.base/jdk.internal.reflect.DelegatingMethodAccessorImpl.invoke(DelegatingMethodAccessorImpl.java:43)
	at java.base/java.lang.reflect.Method.invoke(Method.java:566)
	at org.gradle.internal.dispatch.ReflectionDispatch.dispatch(ReflectionDispatch.java:36)
	at org.gradle.internal.dispatch.ReflectionDispatch.dispatch(ReflectionDispatch.java:24)
	at org.gradle.internal.remote.internal.hub.MessageHubBackedObjectConnection$DispatchWrapper.dispatch(MessageHubBackedObjectConnection.java:182)
	at org.gradle.internal.remote.internal.hub.MessageHubBackedObjectConnection$DispatchWrapper.dispatch(MessageHubBackedObjectConnection.java:164)
	at org.gradle.internal.remote.internal.hub.MessageHub$Handler.run(MessageHub.java:412)
	at org.gradle.internal.concurrent.ExecutorPolicy$CatchAndRecordFailures.onExecute(ExecutorPolicy.java:64)
	at org.gradle.internal.concurrent.ManagedExecutorImpl$1.run(ManagedExecutorImpl.java:48)
	at java.base/java.util.concurrent.ThreadPoolExecutor.runWorker(ThreadPoolExecutor.java:1128)
	at java.base/java.util.concurrent.ThreadPoolExecutor$Worker.run(ThreadPoolExecutor.java:628)
	at org.gradle.internal.concurrent.ThreadFactoryImpl$ManagedThreadRunnable.run(ThreadFactoryImpl.java:56)
	at java.base/java.lang.Thread.run(Thread.java:829)
Caused by: java.lang.IllegalArgumentException: Required div.articleinfo h1 was null.
	at cc.aoeiuv020.anull.NullKt.notNull(null.kt:14)
	at cc.aoeiuv020.panovel.api.base.DslJsoupNovelContext$_NovelItemParser.name(DslJsoupNovelContext.kt:886)
	... 58 more
</pre>
</span>
</div>
<div class="test">
<a name="search"></a>
<h3 class="failures">search</h3>
<span class="code">
<pre>java.lang.IllegalStateException: 解析[列表](body &gt; div.main.w &gt; ul &gt; li)失败，
	at cc.aoeiuv020.panovel.api.base.JsoupNovelContext.requireElements(JsoupNovelContext.kt:114)
	at cc.aoeiuv020.panovel.api.base.JsoupNovelContext.requireElements$default(JsoupNovelContext.kt:111)
	at cc.aoeiuv020.panovel.api.base.DslJsoupNovelContext$_NovelItemListParser.items(DslJsoupNovelContext.kt:326)
	at cc.aoeiuv020.panovel.api.base.DslJsoupNovelContext$_NovelItemListParser.items$default(DslJsoupNovelContext.kt:321)
	at cc.aoeiuv020.panovel.api.site.Shoudashu$3$2.invoke(shoudashu.kt:36)
	at cc.aoeiuv020.panovel.api.site.Shoudashu$3$2.invoke(shoudashu.kt:10)
	at cc.aoeiuv020.panovel.api.base.DslJsoupNovelContext$_Search.document(DslJsoupNovelContext.kt:277)
	at cc.aoeiuv020.panovel.api.base.DslJsoupNovelContext$_Search.document$default(DslJsoupNovelContext.kt:275)
	at cc.aoeiuv020.panovel.api.site.Shoudashu$3.invoke(shoudashu.kt:31)
	at cc.aoeiuv020.panovel.api.site.Shoudashu$3.invoke(shoudashu.kt:10)
	at cc.aoeiuv020.panovel.api.base.DslJsoupNovelContext.searchNovelName(DslJsoupNovelContext.kt:265)
	at cc.aoeiuv020.panovel.api.site.BaseNovelContextText.search(base.kt:56)
	at cc.aoeiuv020.panovel.api.site.BaseNovelContextText.search$default(base.kt:54)
	at cc.aoeiuv020.panovel.api.site.ShoudashuTest.search(ShoudashuTest.kt:11)
	at java.base/jdk.internal.reflect.NativeMethodAccessorImpl.invoke0(Native Method)
	at java.base/jdk.internal.reflect.NativeMethodAccessorImpl.invoke(NativeMethodAccessorImpl.java:62)
	at java.base/jdk.internal.reflect.DelegatingMethodAccessorImpl.invoke(DelegatingMethodAccessorImpl.java:43)
	at java.base/java.lang.reflect.Method.invoke(Method.java:566)
	at org.junit.runners.model.FrameworkMethod$1.runReflectiveCall(FrameworkMethod.java:50)
	at org.junit.internal.runners.model.ReflectiveCallable.run(ReflectiveCallable.java:12)
	at org.junit.runners.model.FrameworkMethod.invokeExplosively(FrameworkMethod.java:47)
	at org.junit.internal.runners.statements.InvokeMethod.evaluate(InvokeMethod.java:17)
	at org.junit.runners.ParentRunner.runLeaf(ParentRunner.java:325)
	at org.junit.runners.BlockJUnit4ClassRunner.runChild(BlockJUnit4ClassRunner.java:78)
	at org.junit.runners.BlockJUnit4ClassRunner.runChild(BlockJUnit4ClassRunner.java:57)
	at org.junit.runners.ParentRunner$3.run(ParentRunner.java:290)
	at org.junit.runners.ParentRunner$1.schedule(ParentRunner.java:71)
	at org.junit.runners.ParentRunner.runChildren(ParentRunner.java:288)
	at org.junit.runners.ParentRunner.access$000(ParentRunner.java:58)
	at org.junit.runners.ParentRunner$2.evaluate(ParentRunner.java:268)
	at org.junit.runners.ParentRunner.run(ParentRunner.java:363)
	at org.gradle.api.internal.tasks.testing.junit.JUnitTestClassExecutor.runTestClass(JUnitTestClassExecutor.java:110)
	at org.gradle.api.internal.tasks.testing.junit.JUnitTestClassExecutor.execute(JUnitTestClassExecutor.java:58)
	at org.gradle.api.internal.tasks.testing.junit.JUnitTestClassExecutor.execute(JUnitTestClassExecutor.java:38)
	at org.gradle.api.internal.tasks.testing.junit.AbstractJUnitTestClassProcessor.processTestClass(AbstractJUnitTestClassProcessor.java:62)
	at org.gradle.api.internal.tasks.testing.SuiteTestClassProcessor.processTestClass(SuiteTestClassProcessor.java:51)
	at jdk.internal.reflect.GeneratedMethodAccessor6.invoke(Unknown Source)
	at java.base/jdk.internal.reflect.DelegatingMethodAccessorImpl.invoke(DelegatingMethodAccessorImpl.java:43)
	at java.base/java.lang.reflect.Method.invoke(Method.java:566)
	at org.gradle.internal.dispatch.ReflectionDispatch.dispatch(ReflectionDispatch.java:36)
	at org.gradle.internal.dispatch.ReflectionDispatch.dispatch(ReflectionDispatch.java:24)
	at org.gradle.internal.dispatch.ContextClassLoaderDispatch.dispatch(ContextClassLoaderDispatch.java:33)
	at org.gradle.internal.dispatch.ProxyDispatchAdapter$DispatchingInvocationHandler.invoke(ProxyDispatchAdapter.java:94)
	at com.sun.proxy.$Proxy2.processTestClass(Unknown Source)
	at org.gradle.api.internal.tasks.testing.worker.TestWorker.processTestClass(TestWorker.java:118)
	at jdk.internal.reflect.GeneratedMethodAccessor5.invoke(Unknown Source)
	at java.base/jdk.internal.reflect.DelegatingMethodAccessorImpl.invoke(DelegatingMethodAccessorImpl.java:43)
	at java.base/java.lang.reflect.Method.invoke(Method.java:566)
	at org.gradle.internal.dispatch.ReflectionDispatch.dispatch(ReflectionDispatch.java:36)
	at org.gradle.internal.dispatch.ReflectionDispatch.dispatch(ReflectionDispatch.java:24)
	at org.gradle.internal.remote.internal.hub.MessageHubBackedObjectConnection$DispatchWrapper.dispatch(MessageHubBackedObjectConnection.java:182)
	at org.gradle.internal.remote.internal.hub.MessageHubBackedObjectConnection$DispatchWrapper.dispatch(MessageHubBackedObjectConnection.java:164)
	at org.gradle.internal.remote.internal.hub.MessageHub$Handler.run(MessageHub.java:412)
	at org.gradle.internal.concurrent.ExecutorPolicy$CatchAndRecordFailures.onExecute(ExecutorPolicy.java:64)
	at org.gradle.internal.concurrent.ManagedExecutorImpl$1.run(ManagedExecutorImpl.java:48)
	at java.base/java.util.concurrent.ThreadPoolExecutor.runWorker(ThreadPoolExecutor.java:1128)
	at java.base/java.util.concurrent.ThreadPoolExecutor$Worker.run(ThreadPoolExecutor.java:628)
	at org.gradle.internal.concurrent.ThreadFactoryImpl$ManagedThreadRunnable.run(ThreadFactoryImpl.java:56)
	at java.base/java.lang.Thread.run(Thread.java:829)
Caused by: java.lang.IllegalStateException: 解析元素body &gt; div.main.w &gt; ul &gt; li结果为空，
	at cc.aoeiuv020.panovel.api.base.JsoupNovelContext.notEmpty(JsoupNovelContext.kt:137)
	at cc.aoeiuv020.panovel.api.base.JsoupNovelContext.requireElements(JsoupNovelContext.kt:112)
	... 58 more
</pre>
</span>
</div>
</div>
<div id="tab1" class="tab">
<h2>Tests</h2>
<table>
<thead>
<tr>
<th>Test</th>
<th>Duration</th>
<th>Result</th>
</tr>
</thead>
<tr>
<td class="failures">chapters</td>
<td class="failures">0.151s</td>
<td class="failures">failed</td>
</tr>
<tr>
<td class="failures">content</td>
<td class="failures">0.153s</td>
<td class="failures">failed</td>
</tr>
<tr>
<td class="failures">detail</td>
<td class="failures">0.211s</td>
<td class="failures">failed</td>
</tr>
<tr>
<td class="failures">search</td>
<td class="failures">0.150s</td>
<td class="failures">failed</td>
</tr>
</table>
</div>
<div id="tab2" class="tab">
<h2>Standard output</h2>
<span class="code">
<pre>0/-1
5752/-1
</pre>
</span>
</div>
<div id="tab3" class="tab">
<h2>Standard error</h2>
<span class="code">
<pre>[Test worker] INFO Shoudashu - connect https://www.shoudashu.com/277/277083/
[Test worker] DEBUG Shoudashu - body 
[Test worker] DEBUG Shoudashu - load cookies []
[Test worker] DEBUG Shoudashu - after filter cookies []
[Test worker] DEBUG Shoudashu - response https://www.shoudashu.com/277/277083/
[Test worker] DEBUG Shoudashu - request.headers Referer: https://www.shoudashu.com
User-Agent: Mozilla/5.0 (X11; Linux x86_64) AppleWebKit/537.36 (KHTML, like Gecko) Chrome/69.0.3497.100 Safari/537.36
Host: www.shoudashu.com
Connection: Keep-Alive
Accept-Encoding: gzip

[Test worker] DEBUG Shoudashu - response.headers date: Tue, 05 Dec 2023 02:24:07 GMT
content-type: text/html; charset=UTF-8
cross-origin-embedder-policy: require-corp
cross-origin-opener-policy: same-origin
cross-origin-resource-policy: same-origin
origin-agent-cluster: ?1
permissions-policy: accelerometer=(),autoplay=(),browsing-topics=(),camera=(),clipboard-read=(),clipboard-write=(),geolocation=(),gyroscope=(),hid=(),interest-cohort=(),magnetometer=(),microphone=(),payment=(),publickey-credentials-get=(),screen-wake-lock=(),serial=(),sync-xhr=(),usb=()
referrer-policy: same-origin
x-frame-options: SAMEORIGIN
cf-mitigated: challenge
cache-control: private, max-age=0, no-store, no-cache, must-revalidate, post-check=0, pre-check=0
expires: Thu, 01 Jan 1970 00:00:01 GMT
report-to: {&quot;endpoints&quot;:[{&quot;url&quot;:&quot;https:\/\/a.nel.cloudflare.com\/report\/v3?s=KR8i8BD9XnfxYvw0FmjV3z%2FiPLDIdRIM9DtnzeJvHoDzD301orXKV4gGmZ7mWuStl10dyyRRfzr9qc5mrnDp1ZgtBO6FfCYezEmWG2DDi5j3Z8MH6%2FQypy9LDkxplceExOh72Q%3D%3D&quot;}],&quot;group&quot;:&quot;cf-nel&quot;,&quot;max_age&quot;:604800}
nel: {&quot;success_fraction&quot;:0,&quot;report_to&quot;:&quot;cf-nel&quot;,&quot;max_age&quot;:604800}
vary: Accept-Encoding
server: cloudflare
cf-ray: 8308d4bd4cb669b8-LAX
alt-svc: h3=&quot;:443&quot;; ma=86400

[Test worker] INFO Shoudashu - connect https://www.shoudashu.com/modules/article/search.php?searchkey=%B6%BC%CA%D0&amp;t_btnsearch=
[Test worker] DEBUG Shoudashu - body 
[Test worker] DEBUG Shoudashu - load cookies []
[Test worker] DEBUG Shoudashu - after filter cookies []
[Test worker] DEBUG Shoudashu - response https://www.shoudashu.com/modules/article/search.php?searchkey=%B6%BC%CA%D0&amp;t_btnsearch=
[Test worker] DEBUG Shoudashu - request.headers Referer: https://www.shoudashu.com
User-Agent: Mozilla/5.0 (X11; Linux x86_64) AppleWebKit/537.36 (KHTML, like Gecko) Chrome/69.0.3497.100 Safari/537.36
Host: www.shoudashu.com
Connection: Keep-Alive
Accept-Encoding: gzip

[Test worker] DEBUG Shoudashu - response.headers date: Tue, 05 Dec 2023 02:24:07 GMT
content-type: text/html; charset=UTF-8
cross-origin-embedder-policy: require-corp
cross-origin-opener-policy: same-origin
cross-origin-resource-policy: same-origin
origin-agent-cluster: ?1
permissions-policy: accelerometer=(),autoplay=(),browsing-topics=(),camera=(),clipboard-read=(),clipboard-write=(),geolocation=(),gyroscope=(),hid=(),interest-cohort=(),magnetometer=(),microphone=(),payment=(),publickey-credentials-get=(),screen-wake-lock=(),serial=(),sync-xhr=(),usb=()
referrer-policy: same-origin
x-frame-options: SAMEORIGIN
cf-mitigated: challenge
cache-control: private, max-age=0, no-store, no-cache, must-revalidate, post-check=0, pre-check=0
expires: Thu, 01 Jan 1970 00:00:01 GMT
report-to: {&quot;endpoints&quot;:[{&quot;url&quot;:&quot;https:\/\/a.nel.cloudflare.com\/report\/v3?s=kM02Gtf3wtG89NJHfh0ULJX%2BNa3Nv77jVOvuXBsQ21NHBzg1bsbSVTwoG7BDuHJoy6bVNqEztgvpe6wY1PH0G2P2%2B%2FPNOz8uDa%2FynxaoMDVvVoLAKbxxF7qd7Yu8ozAaEmhwLg%3D%3D&quot;}],&quot;group&quot;:&quot;cf-nel&quot;,&quot;max_age&quot;:604800}
nel: {&quot;success_fraction&quot;:0,&quot;report_to&quot;:&quot;cf-nel&quot;,&quot;max_age&quot;:604800}
vary: Accept-Encoding
server: cloudflare
cf-ray: 8308d4be3861db6a-LAX
alt-svc: h3=&quot;:443&quot;; ma=86400

[Test worker] INFO Shoudashu - connect https://www.shoudashu.com/277/277083/66921365.html
[Test worker] DEBUG Shoudashu - body 
[Test worker] DEBUG Shoudashu - load cookies []
[Test worker] DEBUG Shoudashu - after filter cookies []
[Test worker] DEBUG Shoudashu - response https://www.shoudashu.com/277/277083/66921365.html
[Test worker] DEBUG Shoudashu - request.headers Referer: https://www.shoudashu.com
User-Agent: Mozilla/5.0 (X11; Linux x86_64) AppleWebKit/537.36 (KHTML, like Gecko) Chrome/69.0.3497.100 Safari/537.36
Host: www.shoudashu.com
Connection: Keep-Alive
Accept-Encoding: gzip

[Test worker] DEBUG Shoudashu - response.headers date: Tue, 05 Dec 2023 02:24:07 GMT
content-type: text/html; charset=UTF-8
cross-origin-embedder-policy: require-corp
cross-origin-opener-policy: same-origin
cross-origin-resource-policy: same-origin
origin-agent-cluster: ?1
permissions-policy: accelerometer=(),autoplay=(),browsing-topics=(),camera=(),clipboard-read=(),clipboard-write=(),geolocation=(),gyroscope=(),hid=(),interest-cohort=(),magnetometer=(),microphone=(),payment=(),publickey-credentials-get=(),screen-wake-lock=(),serial=(),sync-xhr=(),usb=()
referrer-policy: same-origin
x-frame-options: SAMEORIGIN
cf-mitigated: challenge
cache-control: private, max-age=0, no-store, no-cache, must-revalidate, post-check=0, pre-check=0
expires: Thu, 01 Jan 1970 00:00:01 GMT
report-to: {&quot;endpoints&quot;:[{&quot;url&quot;:&quot;https:\/\/a.nel.cloudflare.com\/report\/v3?s=JOeZn%2FAWllt8jhZAl34GC%2BqEmfVFJ6IR2fi4chsC9%2F7Leug3iKgOxKRxNdBshQW12V85T14j3UKVOuGpbNFdWiH53iJ2r8nze8GyNHxwESb6nvDur%2BRgZLjU%2FhctlW9hBxypgQ%3D%3D&quot;}],&quot;group&quot;:&quot;cf-nel&quot;,&quot;max_age&quot;:604800}
nel: {&quot;success_fraction&quot;:0,&quot;report_to&quot;:&quot;cf-nel&quot;,&quot;max_age&quot;:604800}
vary: Accept-Encoding
server: cloudflare
cf-ray: 8308d4bf3f647ceb-LAX
alt-svc: h3=&quot;:443&quot;; ma=86400

[Test worker] INFO Shoudashu - connect https://www.shoudashu.com/277/277083/
[Test worker] DEBUG Shoudashu - body 
[Test worker] DEBUG Shoudashu - load cookies []
[Test worker] DEBUG Shoudashu - after filter cookies []
[Test worker] DEBUG Shoudashu - response https://www.shoudashu.com/277/277083/
[Test worker] DEBUG Shoudashu - request.headers Referer: https://www.shoudashu.com
User-Agent: Mozilla/5.0 (X11; Linux x86_64) AppleWebKit/537.36 (KHTML, like Gecko) Chrome/69.0.3497.100 Safari/537.36
Host: www.shoudashu.com
Connection: Keep-Alive
Accept-Encoding: gzip

[Test worker] DEBUG Shoudashu - response.headers date: Tue, 05 Dec 2023 02:24:07 GMT
content-type: text/html; charset=UTF-8
cross-origin-embedder-policy: require-corp
cross-origin-opener-policy: same-origin
cross-origin-resource-policy: same-origin
origin-agent-cluster: ?1
permissions-policy: accelerometer=(),autoplay=(),browsing-topics=(),camera=(),clipboard-read=(),clipboard-write=(),geolocation=(),gyroscope=(),hid=(),interest-cohort=(),magnetometer=(),microphone=(),payment=(),publickey-credentials-get=(),screen-wake-lock=(),serial=(),sync-xhr=(),usb=()
referrer-policy: same-origin
x-frame-options: SAMEORIGIN
cf-mitigated: challenge
cache-control: private, max-age=0, no-store, no-cache, must-revalidate, post-check=0, pre-check=0
expires: Thu, 01 Jan 1970 00:00:01 GMT
report-to: {&quot;endpoints&quot;:[{&quot;url&quot;:&quot;https:\/\/a.nel.cloudflare.com\/report\/v3?s=6dHZxd4RAdkO0KpBc2UwKoxAo1pPIbq1gLgE1JGzfgA%2B2Wv8lbKWanHjDlZGpovqEAvNWvC3ajC4vZoH12dzjhDmUm71erDHJk84SPjRBnVqSgv5Q6Joh4Z6aSYzihBmPXf0LA%3D%3D&quot;}],&quot;group&quot;:&quot;cf-nel&quot;,&quot;max_age&quot;:604800}
nel: {&quot;success_fraction&quot;:0,&quot;report_to&quot;:&quot;cf-nel&quot;,&quot;max_age&quot;:604800}
vary: Accept-Encoding
server: cloudflare
cf-ray: 8308d4c02f5c2f4d-LAX
alt-svc: h3=&quot;:443&quot;; ma=86400

</pre>
</span>
</div>
</div>
<div id="footer">
<p>
<div>
<label class="hidden" id="label-for-line-wrapping-toggle" for="line-wrapping-toggle">Wrap lines
<input id="line-wrapping-toggle" type="checkbox" autocomplete="off"/>
</label>
</div>Generated by 
<a href="http://www.gradle.org">Gradle 5.6.4</a> at Dec 5, 2023, 10:25:31 AM</p>
</div>
</div>
</body>
</html>
