<!DOCTYPE html>
<html>
<head>
<meta http-equiv="Content-Type" content="text/html; charset=utf-8"/>
<meta http-equiv="x-ua-compatible" content="IE=edge"/>
<title>Test results - Class cc.aoeiuv020.panovel.api.site.BiqugeseTest</title>
<link href="../css/base-style.css" rel="stylesheet" type="text/css"/>
<link href="../css/style.css" rel="stylesheet" type="text/css"/>
<script src="../js/report.js" type="text/javascript"></script>
</head>
<body>
<div id="content">
<h1>Class cc.aoeiuv020.panovel.api.site.BiqugeseTest</h1>
<div class="breadcrumbs">
<a href="../index.html">all</a> &gt; 
<a href="../packages/cc.aoeiuv020.panovel.api.site.html">cc.aoeiuv020.panovel.api.site</a> &gt; BiqugeseTest</div>
<div id="summary">
<table>
<tr>
<td>
<div class="summaryGroup">
<table>
<tr>
<td>
<div class="infoBox" id="tests">
<div class="counter">4</div>
<p>tests</p>
</div>
</td>
<td>
<div class="infoBox" id="failures">
<div class="counter">4</div>
<p>failures</p>
</div>
</td>
<td>
<div class="infoBox" id="ignored">
<div class="counter">0</div>
<p>ignored</p>
</div>
</td>
<td>
<div class="infoBox" id="duration">
<div class="counter">1.471s</div>
<p>duration</p>
</div>
</td>
</tr>
</table>
</div>
</td>
<td>
<div class="infoBox failures" id="successRate">
<div class="percent">0%</div>
<p>successful</p>
</div>
</td>
</tr>
</table>
</div>
<div id="tabs">
<ul class="tabLinks">
<li>
<a href="#tab0">Failed tests</a>
</li>
<li>
<a href="#tab1">Tests</a>
</li>
<li>
<a href="#tab2">Standard output</a>
</li>
<li>
<a href="#tab3">Standard error</a>
</li>
</ul>
<div id="tab0" class="tab">
<h2>Failed tests</h2>
<div class="test">
<a name="chapters"></a>
<h3 class="failures">chapters</h3>
<span class="code">
<pre>java.lang.IllegalStateException: 解析[章节链接](#list &gt; dl &gt; dd &gt; a)失败，
	at cc.aoeiuv020.panovel.api.base.JsoupNovelContext.requireElements(JsoupNovelContext.kt:114)
	at cc.aoeiuv020.panovel.api.base.DslJsoupNovelContext$_NovelChapterListParser.items(DslJsoupNovelContext.kt:520)
	at cc.aoeiuv020.panovel.api.base.DslJsoupNovelContext$_NovelChapterListParser.items$default(DslJsoupNovelContext.kt:503)
	at cc.aoeiuv020.panovel.api.site.Biqugese$4$1.invoke(biqugese.kt:48)
	at cc.aoeiuv020.panovel.api.site.Biqugese$4$1.invoke(biqugese.kt:12)
	at cc.aoeiuv020.panovel.api.base.DslJsoupNovelContext$_Chapters.document(DslJsoupNovelContext.kt:477)
	at cc.aoeiuv020.panovel.api.base.DslJsoupNovelContext$_Chapters.document$default(DslJsoupNovelContext.kt:473)
	at cc.aoeiuv020.panovel.api.site.Biqugese$4.invoke(biqugese.kt:47)
	at cc.aoeiuv020.panovel.api.site.Biqugese$4.invoke(biqugese.kt:12)
	at cc.aoeiuv020.panovel.api.base.DslJsoupNovelContext.getNovelChaptersAsc(DslJsoupNovelContext.kt:464)
	at cc.aoeiuv020.panovel.api.site.BaseNovelContextText.chapters(base.kt:102)
	at cc.aoeiuv020.panovel.api.site.BaseNovelContextText.chapters$default(base.kt:100)
	at cc.aoeiuv020.panovel.api.site.BiqugeseTest.chapters(BiqugeseTest.kt:29)
	at java.base/jdk.internal.reflect.NativeMethodAccessorImpl.invoke0(Native Method)
	at java.base/jdk.internal.reflect.NativeMethodAccessorImpl.invoke(NativeMethodAccessorImpl.java:62)
	at java.base/jdk.internal.reflect.DelegatingMethodAccessorImpl.invoke(DelegatingMethodAccessorImpl.java:43)
	at java.base/java.lang.reflect.Method.invoke(Method.java:566)
	at org.junit.runners.model.FrameworkMethod$1.runReflectiveCall(FrameworkMethod.java:50)
	at org.junit.internal.runners.model.ReflectiveCallable.run(ReflectiveCallable.java:12)
	at org.junit.runners.model.FrameworkMethod.invokeExplosively(FrameworkMethod.java:47)
	at org.junit.internal.runners.statements.InvokeMethod.evaluate(InvokeMethod.java:17)
	at org.junit.runners.ParentRunner.runLeaf(ParentRunner.java:325)
	at org.junit.runners.BlockJUnit4ClassRunner.runChild(BlockJUnit4ClassRunner.java:78)
	at org.junit.runners.BlockJUnit4ClassRunner.runChild(BlockJUnit4ClassRunner.java:57)
	at org.junit.runners.ParentRunner$3.run(ParentRunner.java:290)
	at org.junit.runners.ParentRunner$1.schedule(ParentRunner.java:71)
	at org.junit.runners.ParentRunner.runChildren(ParentRunner.java:288)
	at org.junit.runners.ParentRunner.access$000(ParentRunner.java:58)
	at org.junit.runners.ParentRunner$2.evaluate(ParentRunner.java:268)
	at org.junit.runners.ParentRunner.run(ParentRunner.java:363)
	at org.gradle.api.internal.tasks.testing.junit.JUnitTestClassExecutor.runTestClass(JUnitTestClassExecutor.java:110)
	at org.gradle.api.internal.tasks.testing.junit.JUnitTestClassExecutor.execute(JUnitTestClassExecutor.java:58)
	at org.gradle.api.internal.tasks.testing.junit.JUnitTestClassExecutor.execute(JUnitTestClassExecutor.java:38)
	at org.gradle.api.internal.tasks.testing.junit.AbstractJUnitTestClassProcessor.processTestClass(AbstractJUnitTestClassProcessor.java:62)
	at org.gradle.api.internal.tasks.testing.SuiteTestClassProcessor.processTestClass(SuiteTestClassProcessor.java:51)
	at java.base/jdk.internal.reflect.NativeMethodAccessorImpl.invoke0(Native Method)
	at java.base/jdk.internal.reflect.NativeMethodAccessorImpl.invoke(NativeMethodAccessorImpl.java:62)
	at java.base/jdk.internal.reflect.DelegatingMethodAccessorImpl.invoke(DelegatingMethodAccessorImpl.java:43)
	at java.base/java.lang.reflect.Method.invoke(Method.java:566)
	at org.gradle.internal.dispatch.ReflectionDispatch.dispatch(ReflectionDispatch.java:36)
	at org.gradle.internal.dispatch.ReflectionDispatch.dispatch(ReflectionDispatch.java:24)
	at org.gradle.internal.dispatch.ContextClassLoaderDispatch.dispatch(ContextClassLoaderDispatch.java:33)
	at org.gradle.internal.dispatch.ProxyDispatchAdapter$DispatchingInvocationHandler.invoke(ProxyDispatchAdapter.java:94)
	at com.sun.proxy.$Proxy2.processTestClass(Unknown Source)
	at org.gradle.api.internal.tasks.testing.worker.TestWorker.processTestClass(TestWorker.java:118)
	at java.base/jdk.internal.reflect.NativeMethodAccessorImpl.invoke0(Native Method)
	at java.base/jdk.internal.reflect.NativeMethodAccessorImpl.invoke(NativeMethodAccessorImpl.java:62)
	at java.base/jdk.internal.reflect.DelegatingMethodAccessorImpl.invoke(DelegatingMethodAccessorImpl.java:43)
	at java.base/java.lang.reflect.Method.invoke(Method.java:566)
	at org.gradle.internal.dispatch.ReflectionDispatch.dispatch(ReflectionDispatch.java:36)
	at org.gradle.internal.dispatch.ReflectionDispatch.dispatch(ReflectionDispatch.java:24)
	at org.gradle.internal.remote.internal.hub.MessageHubBackedObjectConnection$DispatchWrapper.dispatch(MessageHubBackedObjectConnection.java:182)
	at org.gradle.internal.remote.internal.hub.MessageHubBackedObjectConnection$DispatchWrapper.dispatch(MessageHubBackedObjectConnection.java:164)
	at org.gradle.internal.remote.internal.hub.MessageHub$Handler.run(MessageHub.java:412)
	at org.gradle.internal.concurrent.ExecutorPolicy$CatchAndRecordFailures.onExecute(ExecutorPolicy.java:64)
	at org.gradle.internal.concurrent.ManagedExecutorImpl$1.run(ManagedExecutorImpl.java:48)
	at java.base/java.util.concurrent.ThreadPoolExecutor.runWorker(ThreadPoolExecutor.java:1128)
	at java.base/java.util.concurrent.ThreadPoolExecutor$Worker.run(ThreadPoolExecutor.java:628)
	at org.gradle.internal.concurrent.ThreadFactoryImpl$ManagedThreadRunnable.run(ThreadFactoryImpl.java:56)
	at java.base/java.lang.Thread.run(Thread.java:829)
Caused by: java.lang.IllegalStateException: 解析元素#list &gt; dl &gt; dd &gt; a结果为空，
	at cc.aoeiuv020.panovel.api.base.JsoupNovelContext.notEmpty(JsoupNovelContext.kt:137)
	at cc.aoeiuv020.panovel.api.base.JsoupNovelContext.requireElements(JsoupNovelContext.kt:112)
	... 59 more
</pre>
</span>
</div>
<div class="test">
<a name="content"></a>
<h3 class="failures">content</h3>
<span class="code">
<pre>java.lang.IllegalStateException: 解析[正文](#content)失败，
	at cc.aoeiuv020.panovel.api.base.JsoupNovelContext.requireElements(JsoupNovelContext.kt:114)
	at cc.aoeiuv020.panovel.api.base.DslJsoupNovelContext$_NovelContentParser.items(DslJsoupNovelContext.kt:634)
	at cc.aoeiuv020.panovel.api.base.DslJsoupNovelContext$_NovelContentParser.items$default(DslJsoupNovelContext.kt:633)
	at cc.aoeiuv020.panovel.api.site.Biqugese$5$1.invoke(biqugese.kt:55)
	at cc.aoeiuv020.panovel.api.site.Biqugese$5$1.invoke(biqugese.kt:12)
	at cc.aoeiuv020.panovel.api.base.DslJsoupNovelContext$_Content.document(DslJsoupNovelContext.kt:626)
	at cc.aoeiuv020.panovel.api.base.DslJsoupNovelContext$_Content.document$default(DslJsoupNovelContext.kt:622)
	at cc.aoeiuv020.panovel.api.site.Biqugese$5.invoke(biqugese.kt:54)
	at cc.aoeiuv020.panovel.api.site.Biqugese$5.invoke(biqugese.kt:12)
	at cc.aoeiuv020.panovel.api.base.DslJsoupNovelContext.getNovelContent(DslJsoupNovelContext.kt:610)
	at cc.aoeiuv020.panovel.api.site.BaseNovelContextText.content(base.kt:149)
	at cc.aoeiuv020.panovel.api.site.BaseNovelContextText.content(base.kt:133)
	at cc.aoeiuv020.panovel.api.site.BaseNovelContextText.content$default(base.kt:131)
	at cc.aoeiuv020.panovel.api.site.BiqugeseTest.content(BiqugeseTest.kt:36)
	at java.base/jdk.internal.reflect.NativeMethodAccessorImpl.invoke0(Native Method)
	at java.base/jdk.internal.reflect.NativeMethodAccessorImpl.invoke(NativeMethodAccessorImpl.java:62)
	at java.base/jdk.internal.reflect.DelegatingMethodAccessorImpl.invoke(DelegatingMethodAccessorImpl.java:43)
	at java.base/java.lang.reflect.Method.invoke(Method.java:566)
	at org.junit.runners.model.FrameworkMethod$1.runReflectiveCall(FrameworkMethod.java:50)
	at org.junit.internal.runners.model.ReflectiveCallable.run(ReflectiveCallable.java:12)
	at org.junit.runners.model.FrameworkMethod.invokeExplosively(FrameworkMethod.java:47)
	at org.junit.internal.runners.statements.InvokeMethod.evaluate(InvokeMethod.java:17)
	at org.junit.runners.ParentRunner.runLeaf(ParentRunner.java:325)
	at org.junit.runners.BlockJUnit4ClassRunner.runChild(BlockJUnit4ClassRunner.java:78)
	at org.junit.runners.BlockJUnit4ClassRunner.runChild(BlockJUnit4ClassRunner.java:57)
	at org.junit.runners.ParentRunner$3.run(ParentRunner.java:290)
	at org.junit.runners.ParentRunner$1.schedule(ParentRunner.java:71)
	at org.junit.runners.ParentRunner.runChildren(ParentRunner.java:288)
	at org.junit.runners.ParentRunner.access$000(ParentRunner.java:58)
	at org.junit.runners.ParentRunner$2.evaluate(ParentRunner.java:268)
	at org.junit.runners.ParentRunner.run(ParentRunner.java:363)
	at org.gradle.api.internal.tasks.testing.junit.JUnitTestClassExecutor.runTestClass(JUnitTestClassExecutor.java:110)
	at org.gradle.api.internal.tasks.testing.junit.JUnitTestClassExecutor.execute(JUnitTestClassExecutor.java:58)
	at org.gradle.api.internal.tasks.testing.junit.JUnitTestClassExecutor.execute(JUnitTestClassExecutor.java:38)
	at org.gradle.api.internal.tasks.testing.junit.AbstractJUnitTestClassProcessor.processTestClass(AbstractJUnitTestClassProcessor.java:62)
	at org.gradle.api.internal.tasks.testing.SuiteTestClassProcessor.processTestClass(SuiteTestClassProcessor.java:51)
	at java.base/jdk.internal.reflect.NativeMethodAccessorImpl.invoke0(Native Method)
	at java.base/jdk.internal.reflect.NativeMethodAccessorImpl.invoke(NativeMethodAccessorImpl.java:62)
	at java.base/jdk.internal.reflect.DelegatingMethodAccessorImpl.invoke(DelegatingMethodAccessorImpl.java:43)
	at java.base/java.lang.reflect.Method.invoke(Method.java:566)
	at org.gradle.internal.dispatch.ReflectionDispatch.dispatch(ReflectionDispatch.java:36)
	at org.gradle.internal.dispatch.ReflectionDispatch.dispatch(ReflectionDispatch.java:24)
	at org.gradle.internal.dispatch.ContextClassLoaderDispatch.dispatch(ContextClassLoaderDispatch.java:33)
	at org.gradle.internal.dispatch.ProxyDispatchAdapter$DispatchingInvocationHandler.invoke(ProxyDispatchAdapter.java:94)
	at com.sun.proxy.$Proxy2.processTestClass(Unknown Source)
	at org.gradle.api.internal.tasks.testing.worker.TestWorker.processTestClass(TestWorker.java:118)
	at java.base/jdk.internal.reflect.NativeMethodAccessorImpl.invoke0(Native Method)
	at java.base/jdk.internal.reflect.NativeMethodAccessorImpl.invoke(NativeMethodAccessorImpl.java:62)
	at java.base/jdk.internal.reflect.DelegatingMethodAccessorImpl.invoke(DelegatingMethodAccessorImpl.java:43)
	at java.base/java.lang.reflect.Method.invoke(Method.java:566)
	at org.gradle.internal.dispatch.ReflectionDispatch.dispatch(ReflectionDispatch.java:36)
	at org.gradle.internal.dispatch.ReflectionDispatch.dispatch(ReflectionDispatch.java:24)
	at org.gradle.internal.remote.internal.hub.MessageHubBackedObjectConnection$DispatchWrapper.dispatch(MessageHubBackedObjectConnection.java:182)
	at org.gradle.internal.remote.internal.hub.MessageHubBackedObjectConnection$DispatchWrapper.dispatch(MessageHubBackedObjectConnection.java:164)
	at org.gradle.internal.remote.internal.hub.MessageHub$Handler.run(MessageHub.java:412)
	at org.gradle.internal.concurrent.ExecutorPolicy$CatchAndRecordFailures.onExecute(ExecutorPolicy.java:64)
	at org.gradle.internal.concurrent.ManagedExecutorImpl$1.run(ManagedExecutorImpl.java:48)
	at java.base/java.util.concurrent.ThreadPoolExecutor.runWorker(ThreadPoolExecutor.java:1128)
	at java.base/java.util.concurrent.ThreadPoolExecutor$Worker.run(ThreadPoolExecutor.java:628)
	at org.gradle.internal.concurrent.ThreadFactoryImpl$ManagedThreadRunnable.run(ThreadFactoryImpl.java:56)
	at java.base/java.lang.Thread.run(Thread.java:829)
Caused by: java.lang.IllegalStateException: 解析元素#content结果为空，
	at cc.aoeiuv020.panovel.api.base.JsoupNovelContext.notEmpty(JsoupNovelContext.kt:137)
	at cc.aoeiuv020.panovel.api.base.JsoupNovelContext.requireElements(JsoupNovelContext.kt:112)
	... 60 more
</pre>
</span>
</div>
<div class="test">
<a name="detail"></a>
<h3 class="failures">detail</h3>
<span class="code">
<pre>java.lang.IllegalStateException: 解析[小说名](#info &gt; h1)失败，
	at cc.aoeiuv020.panovel.api.base.DslJsoupNovelContext$_NovelItemParser.name(DslJsoupNovelContext.kt:888)
	at cc.aoeiuv020.panovel.api.base.DslJsoupNovelContext$_NovelItemParser.name$default(DslJsoupNovelContext.kt:654)
	at cc.aoeiuv020.panovel.api.site.Biqugese$3$1$1.invoke(biqugese.kt:38)
	at cc.aoeiuv020.panovel.api.site.Biqugese$3$1$1.invoke(biqugese.kt:12)
	at cc.aoeiuv020.panovel.api.base.DslJsoupNovelContext$_NovelDetailParser.novel(DslJsoupNovelContext.kt:380)
	at cc.aoeiuv020.panovel.api.site.Biqugese$3$1.invoke(biqugese.kt:37)
	at cc.aoeiuv020.panovel.api.site.Biqugese$3$1.invoke(biqugese.kt:12)
	at cc.aoeiuv020.panovel.api.base.DslJsoupNovelContext$_Detail.document(DslJsoupNovelContext.kt:354)
	at cc.aoeiuv020.panovel.api.base.DslJsoupNovelContext$_Detail.document$default(DslJsoupNovelContext.kt:350)
	at cc.aoeiuv020.panovel.api.site.Biqugese$3.invoke(biqugese.kt:36)
	at cc.aoeiuv020.panovel.api.site.Biqugese$3.invoke(biqugese.kt:12)
	at cc.aoeiuv020.panovel.api.base.DslJsoupNovelContext.getNovelDetail(DslJsoupNovelContext.kt:341)
	at cc.aoeiuv020.panovel.api.site.BaseNovelContextText.detail(base.kt:68)
	at cc.aoeiuv020.panovel.api.site.BiqugeseTest.detail(BiqugeseTest.kt:18)
	at java.base/jdk.internal.reflect.NativeMethodAccessorImpl.invoke0(Native Method)
	at java.base/jdk.internal.reflect.NativeMethodAccessorImpl.invoke(NativeMethodAccessorImpl.java:62)
	at java.base/jdk.internal.reflect.DelegatingMethodAccessorImpl.invoke(DelegatingMethodAccessorImpl.java:43)
	at java.base/java.lang.reflect.Method.invoke(Method.java:566)
	at org.junit.runners.model.FrameworkMethod$1.runReflectiveCall(FrameworkMethod.java:50)
	at org.junit.internal.runners.model.ReflectiveCallable.run(ReflectiveCallable.java:12)
	at org.junit.runners.model.FrameworkMethod.invokeExplosively(FrameworkMethod.java:47)
	at org.junit.internal.runners.statements.InvokeMethod.evaluate(InvokeMethod.java:17)
	at org.junit.runners.ParentRunner.runLeaf(ParentRunner.java:325)
	at org.junit.runners.BlockJUnit4ClassRunner.runChild(BlockJUnit4ClassRunner.java:78)
	at org.junit.runners.BlockJUnit4ClassRunner.runChild(BlockJUnit4ClassRunner.java:57)
	at org.junit.runners.ParentRunner$3.run(ParentRunner.java:290)
	at org.junit.runners.ParentRunner$1.schedule(ParentRunner.java:71)
	at org.junit.runners.ParentRunner.runChildren(ParentRunner.java:288)
	at org.junit.runners.ParentRunner.access$000(ParentRunner.java:58)
	at org.junit.runners.ParentRunner$2.evaluate(ParentRunner.java:268)
	at org.junit.runners.ParentRunner.run(ParentRunner.java:363)
	at org.gradle.api.internal.tasks.testing.junit.JUnitTestClassExecutor.runTestClass(JUnitTestClassExecutor.java:110)
	at org.gradle.api.internal.tasks.testing.junit.JUnitTestClassExecutor.execute(JUnitTestClassExecutor.java:58)
	at org.gradle.api.internal.tasks.testing.junit.JUnitTestClassExecutor.execute(JUnitTestClassExecutor.java:38)
	at org.gradle.api.internal.tasks.testing.junit.AbstractJUnitTestClassProcessor.processTestClass(AbstractJUnitTestClassProcessor.java:62)
	at org.gradle.api.internal.tasks.testing.SuiteTestClassProcessor.processTestClass(SuiteTestClassProcessor.java:51)
	at java.base/jdk.internal.reflect.NativeMethodAccessorImpl.invoke0(Native Method)
	at java.base/jdk.internal.reflect.NativeMethodAccessorImpl.invoke(NativeMethodAccessorImpl.java:62)
	at java.base/jdk.internal.reflect.DelegatingMethodAccessorImpl.invoke(DelegatingMethodAccessorImpl.java:43)
	at java.base/java.lang.reflect.Method.invoke(Method.java:566)
	at org.gradle.internal.dispatch.ReflectionDispatch.dispatch(ReflectionDispatch.java:36)
	at org.gradle.internal.dispatch.ReflectionDispatch.dispatch(ReflectionDispatch.java:24)
	at org.gradle.internal.dispatch.ContextClassLoaderDispatch.dispatch(ContextClassLoaderDispatch.java:33)
	at org.gradle.internal.dispatch.ProxyDispatchAdapter$DispatchingInvocationHandler.invoke(ProxyDispatchAdapter.java:94)
	at com.sun.proxy.$Proxy2.processTestClass(Unknown Source)
	at org.gradle.api.internal.tasks.testing.worker.TestWorker.processTestClass(TestWorker.java:118)
	at java.base/jdk.internal.reflect.NativeMethodAccessorImpl.invoke0(Native Method)
	at java.base/jdk.internal.reflect.NativeMethodAccessorImpl.invoke(NativeMethodAccessorImpl.java:62)
	at java.base/jdk.internal.reflect.DelegatingMethodAccessorImpl.invoke(DelegatingMethodAccessorImpl.java:43)
	at java.base/java.lang.reflect.Method.invoke(Method.java:566)
	at org.gradle.internal.dispatch.ReflectionDispatch.dispatch(ReflectionDispatch.java:36)
	at org.gradle.internal.dispatch.ReflectionDispatch.dispatch(ReflectionDispatch.java:24)
	at org.gradle.internal.remote.internal.hub.MessageHubBackedObjectConnection$DispatchWrapper.dispatch(MessageHubBackedObjectConnection.java:182)
	at org.gradle.internal.remote.internal.hub.MessageHubBackedObjectConnection$DispatchWrapper.dispatch(MessageHubBackedObjectConnection.java:164)
	at org.gradle.internal.remote.internal.hub.MessageHub$Handler.run(MessageHub.java:412)
	at org.gradle.internal.concurrent.ExecutorPolicy$CatchAndRecordFailures.onExecute(ExecutorPolicy.java:64)
	at org.gradle.internal.concurrent.ManagedExecutorImpl$1.run(ManagedExecutorImpl.java:48)
	at java.base/java.util.concurrent.ThreadPoolExecutor.runWorker(ThreadPoolExecutor.java:1128)
	at java.base/java.util.concurrent.ThreadPoolExecutor$Worker.run(ThreadPoolExecutor.java:628)
	at org.gradle.internal.concurrent.ThreadFactoryImpl$ManagedThreadRunnable.run(ThreadFactoryImpl.java:56)
	at java.base/java.lang.Thread.run(Thread.java:829)
Caused by: java.lang.IllegalArgumentException: Required #info &gt; h1 was null.
	at cc.aoeiuv020.anull.NullKt.notNull(null.kt:14)
	at cc.aoeiuv020.panovel.api.base.DslJsoupNovelContext$_NovelItemParser.name(DslJsoupNovelContext.kt:886)
	... 60 more
</pre>
</span>
</div>
<div class="test">
<a name="search"></a>
<h3 class="failures">search</h3>
<span class="code">
<pre>java.lang.IllegalStateException: 解析[列表](#newscontent &gt; div.l &gt; ul &gt; li)失败，
	at cc.aoeiuv020.panovel.api.base.JsoupNovelContext.requireElements(JsoupNovelContext.kt:114)
	at cc.aoeiuv020.panovel.api.base.JsoupNovelContext.requireElements$default(JsoupNovelContext.kt:111)
	at cc.aoeiuv020.panovel.api.base.DslJsoupNovelContext$_NovelItemListParser.items(DslJsoupNovelContext.kt:326)
	at cc.aoeiuv020.panovel.api.base.DslJsoupNovelContext$_NovelItemListParser.items$default(DslJsoupNovelContext.kt:321)
	at cc.aoeiuv020.panovel.api.site.Biqugese$2$2.invoke(biqugese.kt:28)
	at cc.aoeiuv020.panovel.api.site.Biqugese$2$2.invoke(biqugese.kt:12)
	at cc.aoeiuv020.panovel.api.base.DslJsoupNovelContext$_Search.document(DslJsoupNovelContext.kt:277)
	at cc.aoeiuv020.panovel.api.base.DslJsoupNovelContext$_Search.document$default(DslJsoupNovelContext.kt:275)
	at cc.aoeiuv020.panovel.api.site.Biqugese$2.invoke(biqugese.kt:27)
	at cc.aoeiuv020.panovel.api.site.Biqugese$2.invoke(biqugese.kt:12)
	at cc.aoeiuv020.panovel.api.base.DslJsoupNovelContext.searchNovelName(DslJsoupNovelContext.kt:265)
	at cc.aoeiuv020.panovel.api.site.BaseNovelContextText.search(base.kt:56)
	at cc.aoeiuv020.panovel.api.site.BaseNovelContextText.search$default(base.kt:54)
	at cc.aoeiuv020.panovel.api.site.BiqugeseTest.search(BiqugeseTest.kt:12)
	at java.base/jdk.internal.reflect.NativeMethodAccessorImpl.invoke0(Native Method)
	at java.base/jdk.internal.reflect.NativeMethodAccessorImpl.invoke(NativeMethodAccessorImpl.java:62)
	at java.base/jdk.internal.reflect.DelegatingMethodAccessorImpl.invoke(DelegatingMethodAccessorImpl.java:43)
	at java.base/java.lang.reflect.Method.invoke(Method.java:566)
	at org.junit.runners.model.FrameworkMethod$1.runReflectiveCall(FrameworkMethod.java:50)
	at org.junit.internal.runners.model.ReflectiveCallable.run(ReflectiveCallable.java:12)
	at org.junit.runners.model.FrameworkMethod.invokeExplosively(FrameworkMethod.java:47)
	at org.junit.internal.runners.statements.InvokeMethod.evaluate(InvokeMethod.java:17)
	at org.junit.runners.ParentRunner.runLeaf(ParentRunner.java:325)
	at org.junit.runners.BlockJUnit4ClassRunner.runChild(BlockJUnit4ClassRunner.java:78)
	at org.junit.runners.BlockJUnit4ClassRunner.runChild(BlockJUnit4ClassRunner.java:57)
	at org.junit.runners.ParentRunner$3.run(ParentRunner.java:290)
	at org.junit.runners.ParentRunner$1.schedule(ParentRunner.java:71)
	at org.junit.runners.ParentRunner.runChildren(ParentRunner.java:288)
	at org.junit.runners.ParentRunner.access$000(ParentRunner.java:58)
	at org.junit.runners.ParentRunner$2.evaluate(ParentRunner.java:268)
	at org.junit.runners.ParentRunner.run(ParentRunner.java:363)
	at org.gradle.api.internal.tasks.testing.junit.JUnitTestClassExecutor.runTestClass(JUnitTestClassExecutor.java:110)
	at org.gradle.api.internal.tasks.testing.junit.JUnitTestClassExecutor.execute(JUnitTestClassExecutor.java:58)
	at org.gradle.api.internal.tasks.testing.junit.JUnitTestClassExecutor.execute(JUnitTestClassExecutor.java:38)
	at org.gradle.api.internal.tasks.testing.junit.AbstractJUnitTestClassProcessor.processTestClass(AbstractJUnitTestClassProcessor.java:62)
	at org.gradle.api.internal.tasks.testing.SuiteTestClassProcessor.processTestClass(SuiteTestClassProcessor.java:51)
	at java.base/jdk.internal.reflect.NativeMethodAccessorImpl.invoke0(Native Method)
	at java.base/jdk.internal.reflect.NativeMethodAccessorImpl.invoke(NativeMethodAccessorImpl.java:62)
	at java.base/jdk.internal.reflect.DelegatingMethodAccessorImpl.invoke(DelegatingMethodAccessorImpl.java:43)
	at java.base/java.lang.reflect.Method.invoke(Method.java:566)
	at org.gradle.internal.dispatch.ReflectionDispatch.dispatch(ReflectionDispatch.java:36)
	at org.gradle.internal.dispatch.ReflectionDispatch.dispatch(ReflectionDispatch.java:24)
	at org.gradle.internal.dispatch.ContextClassLoaderDispatch.dispatch(ContextClassLoaderDispatch.java:33)
	at org.gradle.internal.dispatch.ProxyDispatchAdapter$DispatchingInvocationHandler.invoke(ProxyDispatchAdapter.java:94)
	at com.sun.proxy.$Proxy2.processTestClass(Unknown Source)
	at org.gradle.api.internal.tasks.testing.worker.TestWorker.processTestClass(TestWorker.java:118)
	at java.base/jdk.internal.reflect.NativeMethodAccessorImpl.invoke0(Native Method)
	at java.base/jdk.internal.reflect.NativeMethodAccessorImpl.invoke(NativeMethodAccessorImpl.java:62)
	at java.base/jdk.internal.reflect.DelegatingMethodAccessorImpl.invoke(DelegatingMethodAccessorImpl.java:43)
	at java.base/java.lang.reflect.Method.invoke(Method.java:566)
	at org.gradle.internal.dispatch.ReflectionDispatch.dispatch(ReflectionDispatch.java:36)
	at org.gradle.internal.dispatch.ReflectionDispatch.dispatch(ReflectionDispatch.java:24)
	at org.gradle.internal.remote.internal.hub.MessageHubBackedObjectConnection$DispatchWrapper.dispatch(MessageHubBackedObjectConnection.java:182)
	at org.gradle.internal.remote.internal.hub.MessageHubBackedObjectConnection$DispatchWrapper.dispatch(MessageHubBackedObjectConnection.java:164)
	at org.gradle.internal.remote.internal.hub.MessageHub$Handler.run(MessageHub.java:412)
	at org.gradle.internal.concurrent.ExecutorPolicy$CatchAndRecordFailures.onExecute(ExecutorPolicy.java:64)
	at org.gradle.internal.concurrent.ManagedExecutorImpl$1.run(ManagedExecutorImpl.java:48)
	at java.base/java.util.concurrent.ThreadPoolExecutor.runWorker(ThreadPoolExecutor.java:1128)
	at java.base/java.util.concurrent.ThreadPoolExecutor$Worker.run(ThreadPoolExecutor.java:628)
	at org.gradle.internal.concurrent.ThreadFactoryImpl$ManagedThreadRunnable.run(ThreadFactoryImpl.java:56)
	at java.base/java.lang.Thread.run(Thread.java:829)
Caused by: java.lang.IllegalStateException: 解析元素#newscontent &gt; div.l &gt; ul &gt; li结果为空，
	at cc.aoeiuv020.panovel.api.base.JsoupNovelContext.notEmpty(JsoupNovelContext.kt:137)
	at cc.aoeiuv020.panovel.api.base.JsoupNovelContext.requireElements(JsoupNovelContext.kt:112)
	... 60 more
</pre>
</span>
</div>
</div>
<div id="tab1" class="tab">
<h2>Tests</h2>
<table>
<thead>
<tr>
<th>Test</th>
<th>Duration</th>
<th>Result</th>
</tr>
</thead>
<tr>
<td class="failures">chapters</td>
<td class="failures">0.315s</td>
<td class="failures">failed</td>
</tr>
<tr>
<td class="failures">content</td>
<td class="failures">0.319s</td>
<td class="failures">failed</td>
</tr>
<tr>
<td class="failures">detail</td>
<td class="failures">0.499s</td>
<td class="failures">failed</td>
</tr>
<tr>
<td class="failures">search</td>
<td class="failures">0.338s</td>
<td class="failures">failed</td>
</tr>
</table>
</div>
<div id="tab2" class="tab">
<h2>Standard output</h2>
<span class="code">
<pre>0/-1
154/-1
</pre>
</span>
</div>
<div id="tab3" class="tab">
<h2>Standard error</h2>
<span class="code">
<pre>[Test worker] INFO Biqugese - connect http://www.bqxs520.com/67191/
[Test worker] DEBUG Biqugese - body 
[Test worker] DEBUG Biqugese - load cookies []
[Test worker] DEBUG Biqugese - after filter cookies []
[Test worker] DEBUG Biqugese - load cookies []
[Test worker] DEBUG Biqugese - after filter cookies []
[Test worker] DEBUG Biqugese - response https://www.bqxs520.com/67191/
[Test worker] DEBUG Biqugese - request.headers Referer: http://www.bqxs520.com
User-Agent: Mozilla/5.0 (X11; Linux x86_64) AppleWebKit/537.36 (KHTML, like Gecko) Chrome/69.0.3497.100 Safari/537.36
Host: www.bqxs520.com
Connection: Keep-Alive
Accept-Encoding: gzip

[Test worker] DEBUG Biqugese - response.headers date: Tue, 05 Dec 2023 02:21:36 GMT
content-type: text/html;charset=utf-8
cf-cache-status: DYNAMIC
report-to: {&quot;endpoints&quot;:[{&quot;url&quot;:&quot;https:\/\/a.nel.cloudflare.com\/report\/v3?s=cYoI8bBu0qa7iEr3V%2FvT93Cpm%2B2rtlTmImxdpKXL%2FXyhTaExZn1AEVtq40sPAol9SoN4HzGpwOvYy7NqWpXTBZnONpUMVcX2%2BQJJ%2FdJvQzQtcKghBU4mzPt9TymSEFyz3%2B4%3D&quot;}],&quot;group&quot;:&quot;cf-nel&quot;,&quot;max_age&quot;:604800}
nel: {&quot;success_fraction&quot;:0,&quot;report_to&quot;:&quot;cf-nel&quot;,&quot;max_age&quot;:604800}
server: cloudflare
cf-ray: 8308d110af3a0fb3-LAX
alt-svc: h3=&quot;:443&quot;; ma=86400

[Test worker] INFO Biqugese - connect http://www.bqxs520.com/case.php
[Test worker] DEBUG Biqugese - body m=search&amp;key=%E9%83%BD%E5%B8%82
[Test worker] DEBUG Biqugese - load cookies []
[Test worker] DEBUG Biqugese - after filter cookies []
[Test worker] DEBUG Biqugese - load cookies []
[Test worker] DEBUG Biqugese - after filter cookies []
[Test worker] DEBUG Biqugese - response https://www.bqxs520.com/case.php
[Test worker] DEBUG Biqugese - request.headers Referer: http://www.bqxs520.com
User-Agent: Mozilla/5.0 (X11; Linux x86_64) AppleWebKit/537.36 (KHTML, like Gecko) Chrome/69.0.3497.100 Safari/537.36
Host: www.bqxs520.com
Connection: Keep-Alive
Accept-Encoding: gzip

[Test worker] DEBUG Biqugese - response.headers date: Tue, 05 Dec 2023 02:21:37 GMT
content-type: text/html;charset=utf-8
cf-cache-status: DYNAMIC
report-to: {&quot;endpoints&quot;:[{&quot;url&quot;:&quot;https:\/\/a.nel.cloudflare.com\/report\/v3?s=ojLgNgxArDS5q25B6hlu4NIXX0hUlpsZm917rcy%2FQxNLArzH%2FQ7M6g4xq6RZIPHD8IQL5Ad502eR6IGWTi5rEZ7%2F%2FEOyOo7i2HocYw86lOA%2B5W6z5A1WxuZB4M5K%2F6JG3%2Bg%3D&quot;}],&quot;group&quot;:&quot;cf-nel&quot;,&quot;max_age&quot;:604800}
nel: {&quot;success_fraction&quot;:0,&quot;report_to&quot;:&quot;cf-nel&quot;,&quot;max_age&quot;:604800}
server: cloudflare
cf-ray: 8308d1131cb82f5e-LAX
alt-svc: h3=&quot;:443&quot;; ma=86400

[Test worker] INFO Biqugese - connect http://www.bqxs520.com/67191/78029901.html
[Test worker] DEBUG Biqugese - body 
[Test worker] DEBUG Biqugese - load cookies []
[Test worker] DEBUG Biqugese - after filter cookies []
[Test worker] DEBUG Biqugese - load cookies []
[Test worker] DEBUG Biqugese - after filter cookies []
[Test worker] DEBUG Biqugese - response https://www.bqxs520.com/67191/78029901.html
[Test worker] DEBUG Biqugese - request.headers Referer: http://www.bqxs520.com
User-Agent: Mozilla/5.0 (X11; Linux x86_64) AppleWebKit/537.36 (KHTML, like Gecko) Chrome/69.0.3497.100 Safari/537.36
Host: www.bqxs520.com
Connection: Keep-Alive
Accept-Encoding: gzip

[Test worker] DEBUG Biqugese - response.headers date: Tue, 05 Dec 2023 02:21:37 GMT
content-type: text/html;charset=utf-8
cf-cache-status: DYNAMIC
report-to: {&quot;endpoints&quot;:[{&quot;url&quot;:&quot;https:\/\/a.nel.cloudflare.com\/report\/v3?s=%2FLcT8fqvOF%2FEYvd1iWImWcCZH%2BMHjPEvFJcuTgKLFjeaCibif9LWYV6TIMLfztYPC4ZmDF4nlwtLMlsx2q%2Bb%2BIEmXY1gzvLXlgudvALqkAyMYHXxuh3feflsOm8nJ2E85B4%3D&quot;}],&quot;group&quot;:&quot;cf-nel&quot;,&quot;max_age&quot;:604800}
nel: {&quot;success_fraction&quot;:0,&quot;report_to&quot;:&quot;cf-nel&quot;,&quot;max_age&quot;:604800}
server: cloudflare
cf-ray: 8308d1151f3b0fe4-LAX
alt-svc: h3=&quot;:443&quot;; ma=86400

[Test worker] INFO Biqugese - connect http://www.bqxs520.com/67191/
[Test worker] DEBUG Biqugese - body 
[Test worker] DEBUG Biqugese - load cookies []
[Test worker] DEBUG Biqugese - after filter cookies []
[Test worker] DEBUG Biqugese - load cookies []
[Test worker] DEBUG Biqugese - after filter cookies []
[Test worker] DEBUG Biqugese - response https://www.bqxs520.com/67191/
[Test worker] DEBUG Biqugese - request.headers Referer: http://www.bqxs520.com
User-Agent: Mozilla/5.0 (X11; Linux x86_64) AppleWebKit/537.36 (KHTML, like Gecko) Chrome/69.0.3497.100 Safari/537.36
Host: www.bqxs520.com
Connection: Keep-Alive
Accept-Encoding: gzip
If-Modified-Since: Tue, 05 Dec 2023 02:21:36 GMT

[Test worker] DEBUG Biqugese - response.headers date: Tue, 05 Dec 2023 02:21:37 GMT
content-type: text/html;charset=utf-8
cf-cache-status: DYNAMIC
report-to: {&quot;endpoints&quot;:[{&quot;url&quot;:&quot;https:\/\/a.nel.cloudflare.com\/report\/v3?s=6VM2x85JFLaaF2NA0MHC0tOR1BQ7FPf4TmUd85Y2zdTsqG74ZZIgB3yNeeaCYNMggelKQomeL9EylyG1p%2FuAdL81GnzLiye5t3yyo%2FVAZnqZy32dggH4l0xcKQuRTVx55rQ%3D&quot;}],&quot;group&quot;:&quot;cf-nel&quot;,&quot;max_age&quot;:604800}
nel: {&quot;success_fraction&quot;:0,&quot;report_to&quot;:&quot;cf-nel&quot;,&quot;max_age&quot;:604800}
server: cloudflare
cf-ray: 8308d1170d152ea8-LAX
alt-svc: h3=&quot;:443&quot;; ma=86400

</pre>
</span>
</div>
</div>
<div id="footer">
<p>
<div>
<label class="hidden" id="label-for-line-wrapping-toggle" for="line-wrapping-toggle">Wrap lines
<input id="line-wrapping-toggle" type="checkbox" autocomplete="off"/>
</label>
</div>Generated by 
<a href="http://www.gradle.org">Gradle 5.6.4</a> at Dec 5, 2023, 10:25:31 AM</p>
</div>
</div>
</body>
</html>
